<?xml version="1.0" encoding="UTF-8"?>
<!-- Generated by org.testng.reporters.JUnitReportReporter -->
<testsuite hostname="D5P9ND02" failures="0" tests="1" name="com.org.learningMaven.GizmoApplicationTest" time="49.917" errors="0" timestamp="19 Jul 2019 09:32:23 GMT">
  <testcase classname="com.org.learningMaven.GizmoApplicationTest" name="login" time="49.917"/>
</testsuite> <!-- com.org.learningMaven.GizmoApplicationTest -->
