<?xml version="1.0" encoding="UTF-8"?>
<!-- Generated by org.testng.reporters.JUnitReportReporter -->
<testsuite hostname="D4SGH152" failures="0" tests="8" name="com.org.learningMaven.GizmoApplication" time="6.434" errors="0" timestamp="1 Aug 2019 07:26:18 GMT">
  <testcase classname="com.org.learningMaven.GizmoApplication" name="numbersTypeWithoutReplacement" time="0.680"/>
  <testcase classname="com.org.learningMaven.GizmoApplication" name="runWithoutTestType" time="1.018"/>
  <testcase classname="com.org.learningMaven.GizmoApplication" name="numbersTypeShuffledNumber" time="0.367"/>
  <testcase classname="com.org.learningMaven.GizmoApplication" name="getResult" time="1.933"/>
  <testcase classname="com.org.learningMaven.GizmoApplication" name="numbersTypeWithReplacement" time="0.239"/>
  <testcase classname="com.org.learningMaven.GizmoApplication" name="deSelectTest" time="0.420"/>
  <testcase classname="com.org.learningMaven.GizmoApplication" name="selectCheckbox" time="0.230"/>
  <testcase classname="com.org.learningMaven.GizmoApplication" name="verifyAlphaValue" time="1.547"/>
</testsuite> <!-- com.org.learningMaven.GizmoApplication -->
