<?xml version="1.0" encoding="UTF-8"?>
<!-- Generated by org.testng.reporters.JUnitReportReporter -->
<testsuite hostname="D4SGH152" failures="0" tests="2" name="com.org.learningMaven.sanityTests" time="0.977" errors="0" timestamp="1 Aug 2019 07:26:18 GMT">
  <testcase classname="com.org.learningMaven.sanityTests" name="additionInApp" time="0.029"/>
  <testcase classname="com.org.learningMaven.sanityTests" name="ChiSquareTest" time="0.948"/>
</testsuite> <!-- com.org.learningMaven.sanityTests -->
