<?xml version="1.0" encoding="UTF-8"?>
<!-- Generated by org.testng.reporters.JUnitReportReporter -->
<testsuite hostname="D4SGH152" failures="0" tests="2" name="com.org.learningMaven.smokeTests" time="0.252" errors="0" timestamp="1 Aug 2019 07:26:18 GMT">
  <testcase classname="com.org.learningMaven.smokeTests" name="verifyTitle" time="0.200"/>
  <testcase classname="com.org.learningMaven.smokeTests" name="totalTestTypes" time="0.052"/>
</testsuite> <!-- com.org.learningMaven.smokeTests -->
